/cae/apps/data/synopsys-2015/ic_compiler/auxx/gui/dv/dv_setup.tcl
/cae/apps/data/synopsys-2015/ic_compiler/auxx/gui/syn/snpsSynProcs.tcl
/cae/apps/data/synopsys-2015/ic_compiler/auxx/tcllib/lib/tcl8.5/tm.tcl
/cae/apps/data/synopsys-2015/ic_compiler/auxx/tcllib/lib/tcl8.5/package.tcl
/cae/apps/data/synopsys-2015/ic_compiler/auxx/gui/syn/layout/pkgIndex.tcl
/cae/apps/data/synopsys-2015/ic_compiler/auxx/gui/common/commandform/pkgIndex.tcl
/cae/apps/data/synopsys-2015/ic_compiler/auxx/gui/common/menus/pkgIndex.tcl
/cae/apps/data/synopsys-2015/ic_compiler/auxx/gui/common/palettegroup/pkgIndex.tcl
/cae/apps/data/synopsys-2015/ic_compiler/auxx/gui/common/view/pkgIndex.tcl
/cae/apps/data/synopsys-2015/ic_compiler/auxx/gui/common/highlight/pkgIndex.tcl
/cae/apps/data/synopsys-2015/ic_compiler/auxx/gui/common/strokes/pkgIndex.tcl
/cae/apps/data/synopsys-2015/ic_compiler/auxx/gui/common/regressionToolkit/pkgIndex.tcl
/cae/apps/data/synopsys-2015/ic_compiler/auxx/gui/common/tiledview/pkgIndex.tcl
/cae/apps/data/synopsys-2015/ic_compiler/auxx/gui/common/misc/pkgIndex.tcl
/cae/apps/data/synopsys-2015/ic_compiler/auxx/gui/common/histogram/pkgIndex.tcl
/cae/apps/data/synopsys-2015/ic_compiler/auxx/gui/common/dialogs/pkgIndex.tcl
/cae/apps/data/synopsys-2015/ic_compiler/auxx/gui/common/setup/pkgIndex.tcl
/cae/apps/data/synopsys-2015/ic_compiler/auxx/gui/common/timing/pkgIndex.tcl
/cae/apps/data/synopsys-2015/ic_compiler/auxx/gui/common/mrupalette/pkgIndex.tcl
/cae/apps/data/synopsys-2015/ic_compiler/auxx/gui/common/pathinspector/pkgIndex.tcl
/cae/apps/data/synopsys-2015/ic_compiler/auxx/gui/common/tcl-dp/pkgIndex.tcl
/cae/apps/data/synopsys-2015/ic_compiler/auxx/gui/common/docBrowser/pkgIndex.tcl
/cae/apps/data/synopsys-2015/ic_compiler/auxx/gui/common/layout/pkgIndex.tcl
/cae/apps/data/synopsys-2015/ic_compiler/auxx/gui/common/WindowFrameWork/pkgIndex.tcl
/cae/apps/data/synopsys-2015/ic_compiler/auxx/gui/common/profiler/pkgIndex.tcl
/cae/apps/data/synopsys-2015/ic_compiler/auxx/gui/common/fanoutviewer/pkgIndex.tcl
/cae/apps/data/synopsys-2015/ic_compiler/auxx/gui/common/tq/pkgIndex.tcl
/cae/apps/data/synopsys-2015/ic_compiler/auxx/gui/common/hierarchy/pkgIndex.tcl
/cae/apps/data/synopsys-2015/ic_compiler/auxx/gui/common/qtcl/pkgIndex.tcl
/cae/apps/data/synopsys-2015/ic_compiler/auxx/gui/common/schematic/pkgIndex.tcl
/cae/apps/data/synopsys-2015/ic_compiler/auxx/gui/common/opdlg/pkgIndex.tcl
/cae/apps/data/synopsys-2015/ic_compiler/auxx/gui/common/select/pkgIndex.tcl
/cae/apps/data/synopsys-2015/ic_compiler/auxx/gui/common/acg/pkgIndex.tcl
/cae/apps/data/synopsys-2015/ic_compiler/auxx/gui/common/libviewer/pkgIndex.tcl
/cae/apps/data/synopsys-2015/ic_compiler/auxx/gui/common/table/pkgIndex.tcl
/cae/apps/data/synopsys-2015/ic_compiler/auxx/gui/dv/pkgIndex.tcl
/cae/apps/data/synopsys-2015/ic_compiler/auxx/tcllib/snps_tcl/snpsTest/pkgIndex.tcl
/cae/apps/data/synopsys-2015/ic_compiler/auxx/tcllib/snps_tcl/snpsUtils/pkgIndex.tcl
/cae/apps/data/synopsys-2015/ic_compiler/auxx/tcllib/snps_tcl/snpsTclPro/pkgIndex.tcl
/cae/apps/data/synopsys-2015/ic_compiler/auxx/tcllib/snps_tcl/pkgIndex.tcl
/cae/apps/data/synopsys-2015/ic_compiler/auxx/tcllib/lib/tcl8.5/opt/pkgIndex.tcl
/cae/apps/data/synopsys-2015/ic_compiler/auxx/tcllib/lib/tcl8.5/tcltest/pkgIndex.tcl
/cae/apps/data/synopsys-2015/ic_compiler/auxx/tcllib/lib/tcl8.5/dde/pkgIndex.tcl
/cae/apps/data/synopsys-2015/ic_compiler/auxx/tcllib/lib/tcl8.5/reg/pkgIndex.tcl
/cae/apps/data/synopsys-2015/ic_compiler/auxx/tcllib/lib/tcl8.5/msgcat/pkgIndex.tcl
/cae/apps/data/synopsys-2015/ic_compiler/auxx/tcllib/lib/tcl8.5/platform/pkgIndex.tcl
/cae/apps/data/synopsys-2015/ic_compiler/auxx/tcllib/lib/tcl8.5/http/pkgIndex.tcl
/cae/apps/data/synopsys-2015/ic_compiler/auxx/tcllib/lib/tcl8.5/http1.0/pkgIndex.tcl
/cae/apps/data/synopsys-2015/ic_compiler/auxx/gui/common/setup/snpsCommonSetup.tcl
/cae/apps/data/synopsys-2015/ic_compiler/auxx/gui/common/setup/snpsCustomize.tcl
/cae/apps/data/synopsys-2015/ic_compiler/auxx/gui/common/setup/snpsProcheck.tcl
/cae/apps/data/synopsys-2015/ic_compiler/auxx/gui/common/qtcl/.synopsys_qtcl.tcl
/cae/apps/data/synopsys-2015/ic_compiler/auxx/gui/common/highlight/highlight.tcl
/cae/apps/data/synopsys-2015/ic_compiler/auxx/gui/common/misc/base.tcl
/cae/apps/data/synopsys-2015/ic_compiler/auxx/gui/common/misc/timing.tcl
/cae/apps/data/synopsys-2015/ic_compiler/auxx/gui/common/misc/setting.tcl
/cae/apps/data/synopsys-2015/ic_compiler/auxx/gui/common/misc/preset.tcl
/cae/apps/data/synopsys-2015/ic_compiler/auxx/gui/common/WindowFrameWork/windowFrameWork.tcl
/cae/apps/data/synopsys-2015/ic_compiler/auxx/gui/common/WindowFrameWork/skipBusyCursorCmdList.tcl
/cae/apps/data/synopsys-2015/ic_compiler/auxx/gui/common/docBrowser/docBrowser.tcl
/cae/apps/data/synopsys-2015/ic_compiler/auxx/tcllib/snps_tcl/snpsUtils/snpsUtils.tcl
/cae/apps/data/synopsys-2015/ic_compiler/auxx/gui/common/dialogs/ObjectChooser.tcl
/cae/apps/data/synopsys-2015/ic_compiler/auxx/gui/common/misc/DialogObjectChooser.tcl
/cae/apps/data/synopsys-2015/ic_compiler/auxx/gui/common/dialogs/HistBinInformation.tcl
/cae/apps/data/synopsys-2015/ic_compiler/auxx/gui/common/dialogs/HistBin1Information.tcl
/cae/apps/data/synopsys-2015/ic_compiler/auxx/gui/common/dialogs/BinsOnlyInformation.tcl
/cae/apps/data/synopsys-2015/ic_compiler/auxx/gui/common/dialogs/FileChooser.tcl
/cae/apps/data/synopsys-2015/ic_compiler/auxx/gui/common/dialogs/PathPinSimpleInfo.tcl
/cae/apps/data/synopsys-2015/ic_compiler/auxx/gui/common/dialogs/PathsBasicInfo.tcl
/cae/apps/data/synopsys-2015/ic_compiler/auxx/gui/common/dialogs/PathsBasicSimpleInfo.tcl
/cae/apps/data/synopsys-2015/ic_compiler/auxx/gui/common/dialogs/SlctOperationInfo.tcl
/cae/apps/data/synopsys-2015/ic_compiler/auxx/gui/common/dialogs/ObjectListInfo.tcl
/cae/apps/data/synopsys-2015/ic_compiler/auxx/gui/common/dialogs/FanInOutInfo.tcl
/cae/apps/data/synopsys-2015/ic_compiler/auxx/gui/common/dialogs/NumberOfLevelsChooser.tcl
/cae/apps/data/synopsys-2015/ic_compiler/auxx/gui/common/dialogs/WindowReuseInfo.tcl
/cae/apps/data/synopsys-2015/ic_compiler/auxx/gui/common/dialogs/ReportOutputOptionInfo.tcl
/cae/apps/data/synopsys-2015/ic_compiler/auxx/gui/common/setup/snpsCollections.tcl
/cae/apps/data/synopsys-2015/ic_compiler/auxx/gui/common/dialogs/CompileLinkDesign.tcl
/cae/apps/data/synopsys-2015/ic_compiler/auxx/gui/common/histogram/DialogEndpointSlack.tcl
/cae/apps/data/synopsys-2015/ic_compiler/auxx/gui/common/histogram/DialogPathsSlack.tcl
/cae/apps/data/synopsys-2015/ic_compiler/auxx/gui/common/histogram/DialogNetCapacitance.tcl
/cae/apps/data/synopsys-2015/ic_compiler/auxx/gui/common/schematic/DialogPathSchematicFanInOut.tcl
/cae/apps/data/synopsys-2015/ic_compiler/auxx/gui/common/schematic/DialogPathSchematicAddPaths.tcl
/userspace/g/gzvargas/ece551/thundercatz/ProjectDir/Equalizer.dc
/cae/apps/data/tsmclibs-2013/digital/Front_End/timing_power_noise/NLDM/tcbn40lpbwp_120b/tcbn40lpbwptc.db
/cae/apps/data/tsmclibs-2013/digital/Front_End/timing_power_noise/NLDM/tpfn45gsgv18_120a/tpfn45gsgv18tc.db
/cae/apps/data/synopsys-2015/ic_compiler/libraries/syn/gtech.db
/cae/apps/data/synopsys-2015/ic_compiler/libraries/syn/standard.sldb
/userspace/g/gzvargas/ece551/thundercatz/ProjectDir/dualPort1024x16.v
/userspace/g/gzvargas/ece551/thundercatz/ProjectDir/dualPort1536x16.v
/userspace/g/gzvargas/ece551/thundercatz/ProjectDir/posedgeDetect.v
/userspace/g/gzvargas/ece551/thundercatz/ProjectDir/reset_synch.v
/userspace/g/gzvargas/ece551/thundercatz/ProjectDir/ROM_B1.v
/userspace/g/gzvargas/ece551/thundercatz/ProjectDir/ROM_B2.v
/userspace/g/gzvargas/ece551/thundercatz/ProjectDir/ROM_B3.v
/userspace/g/gzvargas/ece551/thundercatz/ProjectDir/ROM_HP.v
/userspace/g/gzvargas/ece551/thundercatz/ProjectDir/ROM_LP.v
/userspace/g/gzvargas/synopsys_cache_J-2014.09-SP5/DW01/DW01_inc/rpl/3/tcbn40lpbwptc_2041/element.ddc
/userspace/g/gzvargas/synopsys_cache_J-2014.09-SP5/DW02/DW_div_uns/rpl/11/10/tcbn40lpbwptc_2041/element.ddc
/userspace/g/gzvargas/synopsys_cache_J-2014.09-SP5/DW01/DW01_inc/rpl/11/tcbn40lpbwptc_2041/element.ddc
/userspace/g/gzvargas/synopsys_cache_J-2014.09-SP5/DW02/DW_div_uns/rpl/12/11/tcbn40lpbwptc_2041/element.ddc
/userspace/g/gzvargas/synopsys_cache_J-2014.09-SP5/DW01/DW01_inc/rpl/12/tcbn40lpbwptc_2041/element.ddc
/userspace/g/gzvargas/synopsys_cache_J-2014.09-SP5/DW01/DW01_cmp6/rpl/11/tcbn40lpbwptc_2041/element.ddc
/userspace/g/gzvargas/synopsys_cache_J-2014.09-SP5/DW01/DW01_add/rpl/12/tcbn40lpbwptc_2041/element.ddc
/userspace/g/gzvargas/synopsys_cache_J-2014.09-SP5/DW01/DW01_inc/rpl/10/tcbn40lpbwptc_2041/element.ddc
/userspace/g/gzvargas/synopsys_cache_J-2014.09-SP5/DW01/DW01_cmp6/rpl/10/tcbn40lpbwptc_2041/element.ddc
/userspace/g/gzvargas/synopsys_cache_J-2014.09-SP5/DW01/DW01_add/rpl/10/tcbn40lpbwptc_2041/element.ddc
/userspace/g/gzvargas/synopsys_cache_J-2014.09-SP5/DW01/DW01_dec/rpl/5/tcbn40lpbwptc_2041/element.ddc
/userspace/g/gzvargas/synopsys_cache_J-2014.09-SP5/DW01/DW01_inc/rpl/5/tcbn40lpbwptc_2041/element.ddc
/userspace/g/gzvargas/synopsys_cache_J-2014.09-SP5/DW02/DW02_mult/csa/12/12/tcbn40lpbwptc_2041_5113_4702/element.ddc
/userspace/g/gzvargas/synopsys_cache_J-2014.09-SP5/DW02/DW02_mult/csa/13/16/tcbn40lpbwptc_2041_5113_4702/element.ddc
/userspace/g/gzvargas/synopsys_cache_J-2014.09-SP5/DW01/DW01_add/rpl/32/tcbn40lpbwptc_2041_5113_4702/element.ddc
/userspace/g/gzvargas/synopsys_cache_J-2014.09-SP5/DW01/DW01_add/cla/32/tcbn40lpbwptc_2041_5113_4702/element.ddc
/userspace/g/gzvargas/synopsys_cache_J-2014.09-SP5/DW02/DW02_mult/csa/16/16/tcbn40lpbwptc_2041_5113_4702/element.ddc
/userspace/g/gzvargas/synopsys_cache_J-2014.09-SP5/DW01/DW01_add/rpl/18/tcbn40lpbwptc_2041_5113_4702/element.ddc
/userspace/g/gzvargas/synopsys_cache_J-2014.09-SP5/DW01/DW01_add/cla/18/tcbn40lpbwptc_2041_5113_4702/element.ddc
/userspace/g/gzvargas/synopsys_cache_J-2014.09-SP5/DW01/DW01_add/rpl/17/tcbn40lpbwptc_2041_5113_4702/element.ddc
/userspace/g/gzvargas/synopsys_cache_J-2014.09-SP5/DW01/DW01_add/cla/17/tcbn40lpbwptc_2041_5113_4702/element.ddc
/userspace/g/gzvargas/synopsys_cache_J-2014.09-SP5/DW01/DW01_add/rpl/19/tcbn40lpbwptc_2041_5113_4702/element.ddc
/userspace/g/gzvargas/synopsys_cache_J-2014.09-SP5/DW01/DW01_add/cla/19/tcbn40lpbwptc_2041_5113_4702/element.ddc
/userspace/g/gzvargas/synopsys_cache_J-2014.09-SP5/DW01/DW01_add/rpl/20/tcbn40lpbwptc_2041_5113_4702/element.ddc
/userspace/g/gzvargas/synopsys_cache_J-2014.09-SP5/DW01/DW01_add/cla/20/tcbn40lpbwptc_2041_5113_4702/element.ddc
/userspace/g/gzvargas/synopsys_cache_J-2014.09-SP5/DW02/DW02_mult/csa/13/20/tcbn40lpbwptc_2041_5113_4702/element.ddc
/userspace/g/gzvargas/synopsys_cache_J-2014.09-SP5/DW02/DW02_mult/csa/20/13/tcbn40lpbwptc_2041_5113_4702/element.ddc
/userspace/g/gzvargas/synopsys_cache_J-2014.09-SP5/DW02/DW02_mult/csa/12/12/tcbn40lpbwptc_2041/element.ddc
/userspace/g/gzvargas/synopsys_cache_J-2014.09-SP5/DW01/DW01_add/cla/22/tcbn40lpbwptc_2041/element.ddc
/userspace/g/gzvargas/synopsys_cache_J-2014.09-SP5/DW02/DW02_mult/csa/13/16/tcbn40lpbwptc_2041/element.ddc
/userspace/g/gzvargas/synopsys_cache_J-2014.09-SP5/DW01/DW01_add/cla/27/tcbn40lpbwptc_2041/element.ddc
/userspace/g/gzvargas/synopsys_cache_J-2014.09-SP5/DW01/DW01_add/rpl/32/tcbn40lpbwptc_2041/element.ddc
/userspace/g/gzvargas/synopsys_cache_J-2014.09-SP5/DW02/DW02_mult/csa/16/16/tcbn40lpbwptc_2041/element.ddc
/userspace/g/gzvargas/synopsys_cache_J-2014.09-SP5/DW01/DW01_add/cla/30/tcbn40lpbwptc_2041/element.ddc
/userspace/g/gzvargas/synopsys_cache_J-2014.09-SP5/DW02/DW02_mult/csa/13/20/tcbn40lpbwptc_2041/element.ddc
/userspace/g/gzvargas/synopsys_cache_J-2014.09-SP5/DW01/DW01_add/cla/31/tcbn40lpbwptc_2041/element.ddc
/userspace/g/gzvargas/synopsys_cache_J-2014.09-SP5/DW01/DW01_add/rpl/20/tcbn40lpbwptc_2041/element.ddc
/userspace/g/gzvargas/synopsys_cache_J-2014.09-SP5/DW01/DW01_add/rpl/19/tcbn40lpbwptc_2041/element.ddc
/userspace/g/gzvargas/synopsys_cache_J-2014.09-SP5/DW01/DW01_add/rpl/17/tcbn40lpbwptc_2041/element.ddc
/userspace/g/gzvargas/synopsys_cache_J-2014.09-SP5/DW01/DW01_add/rpl/18/tcbn40lpbwptc_2041/element.ddc
/userspace/g/gzvargas/synopsys_cache_J-2014.09-SP5/DW01/DW01_add/cla/31/tcbn40lpbwptc_2041_8682_4702/element.ddc
/userspace/g/gzvargas/synopsys_cache_J-2014.09-SP5/DW01/DW01_add/cla/31/tcbn40lpbwptc_2041/element.ddc
/userspace/g/gzvargas/synopsys_cache_J-2014.09-SP5/DW01/DW01_add/rpl/20/tcbn40lpbwptc_2041_8682_4702/element.ddc
/userspace/g/gzvargas/synopsys_cache_J-2014.09-SP5/DW01/DW01_add/cla/20/tcbn40lpbwptc_2041/element.ddc
/userspace/g/gzvargas/synopsys_cache_J-2014.09-SP5/DW01/DW01_add/cla/20/tcbn40lpbwptc_2041_8682_4702/element.ddc
/userspace/g/gzvargas/synopsys_cache_J-2014.09-SP5/DW01/DW01_add/rpl/17/tcbn40lpbwptc_2041_8682_4702/element.ddc
/userspace/g/gzvargas/synopsys_cache_J-2014.09-SP5/DW01/DW01_add/cla/17/tcbn40lpbwptc_2041/element.ddc
/userspace/g/gzvargas/synopsys_cache_J-2014.09-SP5/DW01/DW01_add/cla/17/tcbn40lpbwptc_2041_8682_4702/element.ddc
/userspace/g/gzvargas/synopsys_cache_J-2014.09-SP5/DW01/DW01_add/rpl/19/tcbn40lpbwptc_2041_8682_4702/element.ddc
/userspace/g/gzvargas/synopsys_cache_J-2014.09-SP5/DW01/DW01_add/cla/19/tcbn40lpbwptc_2041/element.ddc
/userspace/g/gzvargas/synopsys_cache_J-2014.09-SP5/DW01/DW01_add/cla/19/tcbn40lpbwptc_2041_8682_4702/element.ddc
/userspace/g/gzvargas/synopsys_cache_J-2014.09-SP5/DW01/DW01_add/rpl/18/tcbn40lpbwptc_2041_8682_4702/element.ddc
/userspace/g/gzvargas/synopsys_cache_J-2014.09-SP5/DW01/DW01_add/cla/18/tcbn40lpbwptc_2041/element.ddc
/userspace/g/gzvargas/synopsys_cache_J-2014.09-SP5/DW01/DW01_add/cla/18/tcbn40lpbwptc_2041_8682_4702/element.ddc
/userspace/g/gzvargas/synopsys_cache_J-2014.09-SP5/DW01/DW01_add/cla/27/tcbn40lpbwptc_2041_8682_4702/element.ddc
/userspace/g/gzvargas/synopsys_cache_J-2014.09-SP5/DW01/DW01_add/cla/27/tcbn40lpbwptc_2041/element.ddc
/userspace/g/gzvargas/synopsys_cache_J-2014.09-SP5/DW01/DW01_add/cla/22/tcbn40lpbwptc_2041_8682_4702/element.ddc
/userspace/g/gzvargas/synopsys_cache_J-2014.09-SP5/DW01/DW01_add/cla/22/tcbn40lpbwptc_2041/element.ddc
/cae/apps/data/tsmclibs-2013/digital/Front_End/timing_power_noise/NLDM/tcbn40lpbwp_120b/tcbn40lpbwptc.db
/cae/apps/data/tsmclibs-2013/digital/Front_End/timing_power_noise/NLDM/tpfn45gsgv18_120a/tpfn45gsgv18tc.db
