 
****************************************
Report : timing
        -path full
        -delay min
        -max_paths 1
Design : Equalizer
Version: J-2014.09-SP5
Date   : Tue Dec  8 14:40:25 2015
****************************************

Operating Conditions: NCCOM   Library: tcbn40lpbwptc
Wire Load Model Mode: segmented

  Startpoint: iCS/in_shft_reg_reg[15]
              (rising edge-triggered flip-flop clocked by clk)
  Endpoint: iCS/rht_in_reg[15]
            (rising edge-triggered flip-flop clocked by clk)
  Path Group: clk
  Path Type: min

  Des/Clust/Port     Wire Load Model       Library
  ------------------------------------------------
  Equalizer          TSMC32K_Lowk_Conservative
                                           tcbn40lpbwptc

  Point                                                   Incr       Path
  --------------------------------------------------------------------------
  clock clk (rise edge)                                   0.00       0.00
  clock network delay (ideal)                             0.00       0.00
  iCS/in_shft_reg_reg[15]/CP (EDFCNQD1BWP)                0.00       0.00 r
  iCS/in_shft_reg_reg[15]/Q (EDFCNQD1BWP)                 0.13       0.13 f
  iCS/rht_in_reg[15]/D (DFCNQD1BWP)                       0.00       0.13 f
  data arrival time                                                  0.13

  clock clk (rise edge)                                   0.00       0.00
  clock network delay (ideal)                             0.00       0.00
  clock uncertainty                                       0.10       0.10
  iCS/rht_in_reg[15]/CP (DFCNQD1BWP)                      0.00       0.10 r
  library hold time                                       0.03       0.13
  data required time                                                 0.13
  --------------------------------------------------------------------------
  data required time                                                 0.13
  data arrival time                                                 -0.13
  --------------------------------------------------------------------------
  slack (MET)                                                        0.00


1
